\BOOKMARK [0][-]{chapter.1}{\376\377\000C\000l\000a\000s\000s\000\040\000I\000n\000d\000e\000x}{}
\BOOKMARK [1][-]{section.1.1}{\376\377\000C\000l\000a\000s\000s\000\040\000L\000i\000s\000t}{chapter.1}
\BOOKMARK [0][-]{chapter.2}{\376\377\000C\000l\000a\000s\000s\000\040\000D\000o\000c\000u\000m\000e\000n\000t\000a\000t\000i\000o\000n}{}
\BOOKMARK [1][-]{section.2.1}{\376\377\000A\000f\000f\000o\000r\000d\000a\000n\000c\000e\000s\000\040\000C\000l\000a\000s\000s\000\040\000R\000e\000f\000e\000r\000e\000n\000c\000e}{chapter.2}
\BOOKMARK [2][-]{subsection.2.1.1}{\376\377\000D\000e\000t\000a\000i\000l\000e\000d\000\040\000D\000e\000s\000c\000r\000i\000p\000t\000i\000o\000n}{section.2.1}
\BOOKMARK [2][-]{subsection.2.1.2}{\376\377\000M\000e\000m\000b\000e\000r\000\040\000F\000u\000n\000c\000t\000i\000o\000n\000\040\000D\000o\000c\000u\000m\000e\000n\000t\000a\000t\000i\000o\000n}{section.2.1}
\BOOKMARK [3][-]{subsubsection.2.1.2.1}{\376\377\000i\000n\000i\000t\000P\000a\000r\000a\000m\000s}{subsection.2.1.2}
\BOOKMARK [3][-]{subsubsection.2.1.2.2}{\376\377\000m\000a\000x\000R\000a\000n\000g\000e\000F\000i\000l\000t\000e\000r}{subsection.2.1.2}
\BOOKMARK [3][-]{subsubsection.2.1.2.3}{\376\377\000s\000e\000a\000r\000c\000h\000A\000f\000f\000o\000r\000d\000a\000n\000c\000e\000s}{subsection.2.1.2}
\BOOKMARK [3][-]{subsubsection.2.1.2.4}{\376\377\000s\000e\000a\000r\000c\000h\000H\000a\000n\000d\000l\000e\000s}{subsection.2.1.2}
\BOOKMARK [3][-]{subsubsection.2.1.2.5}{\376\377\000w\000o\000r\000k\000s\000p\000a\000c\000e\000F\000i\000l\000t\000e\000r}{subsection.2.1.2}
\BOOKMARK [1][-]{section.2.2}{\376\377\000p\000c\000l\000:\000:\000C\000u\000r\000v\000a\000t\000u\000r\000e\000E\000s\000t\000i\000m\000a\000t\000i\000o\000n\000T\000a\000u\000b\000i\000n\000<\000\040\000P\000o\000i\000n\000t\000I\000n\000T\000,\000\040\000P\000o\000i\000n\000t\000O\000u\000t\000T\000\040\000>\000\040\000C\000l\000a\000s\000s\000\040\000T\000e\000m\000p\000l\000a\000t\000e\000\040\000R\000e\000f\000e\000r\000e\000n\000c\000e}{chapter.2}
\BOOKMARK [2][-]{subsection.2.2.1}{\376\377\000D\000e\000t\000a\000i\000l\000e\000d\000\040\000D\000e\000s\000c\000r\000i\000p\000t\000i\000o\000n}{section.2.2}
\BOOKMARK [2][-]{subsection.2.2.2}{\376\377\000C\000o\000n\000s\000t\000r\000u\000c\000t\000o\000r\000\040\000\046\000\040\000D\000e\000s\000t\000r\000u\000c\000t\000o\000r\000\040\000D\000o\000c\000u\000m\000e\000n\000t\000a\000t\000i\000o\000n}{section.2.2}
\BOOKMARK [3][-]{subsubsection.2.2.2.1}{\376\377\000C\000u\000r\000v\000a\000t\000u\000r\000e\000E\000s\000t\000i\000m\000a\000t\000i\000o\000n\000T\000a\000u\000b\000i\000n}{subsection.2.2.2}
\BOOKMARK [2][-]{subsection.2.2.3}{\376\377\000M\000e\000m\000b\000e\000r\000\040\000F\000u\000n\000c\000t\000i\000o\000n\000\040\000D\000o\000c\000u\000m\000e\000n\000t\000a\000t\000i\000o\000n}{section.2.2}
\BOOKMARK [3][-]{subsubsection.2.2.3.1}{\376\377\000c\000o\000m\000p\000u\000t\000e\000F\000e\000a\000t\000u\000r\000e}{subsection.2.2.3}
\BOOKMARK [3][-]{subsubsection.2.2.3.2}{\376\377\000e\000s\000t\000i\000m\000a\000t\000e\000M\000e\000d\000i\000a\000n\000C\000u\000r\000v\000a\000t\000u\000r\000e}{subsection.2.2.3}
\BOOKMARK [3][-]{subsubsection.2.2.3.3}{\376\377\000f\000i\000t\000Q\000u\000a\000d\000r\000i\000c}{subsection.2.2.3}
\BOOKMARK [3][-]{subsubsection.2.2.3.4}{\376\377\000i\000s\000S\000e\000c\000o\000n\000d\000E\000l\000e\000m\000e\000n\000t\000S\000m\000a\000l\000l\000e\000r}{subsection.2.2.3}
\BOOKMARK [3][-]{subsubsection.2.2.3.5}{\376\377\000s\000e\000t\000N\000u\000m\000S\000a\000m\000p\000l\000e\000s}{subsection.2.2.3}
\BOOKMARK [3][-]{subsubsection.2.2.3.6}{\376\377\000s\000e\000t\000N\000u\000m\000T\000h\000r\000e\000a\000d\000s}{subsection.2.2.3}
\BOOKMARK [1][-]{section.2.3}{\376\377\000C\000y\000l\000i\000n\000d\000r\000i\000c\000a\000l\000S\000h\000e\000l\000l\000\040\000C\000l\000a\000s\000s\000\040\000R\000e\000f\000e\000r\000e\000n\000c\000e}{chapter.2}
\BOOKMARK [2][-]{subsection.2.3.1}{\376\377\000D\000e\000t\000a\000i\000l\000e\000d\000\040\000D\000e\000s\000c\000r\000i\000p\000t\000i\000o\000n}{section.2.3}
\BOOKMARK [2][-]{subsection.2.3.2}{\376\377\000M\000e\000m\000b\000e\000r\000\040\000F\000u\000n\000c\000t\000i\000o\000n\000\040\000D\000o\000c\000u\000m\000e\000n\000t\000a\000t\000i\000o\000n}{section.2.3}
\BOOKMARK [3][-]{subsubsection.2.3.2.1}{\376\377\000f\000i\000t\000C\000y\000l\000i\000n\000d\000e\000r}{subsection.2.3.2}
\BOOKMARK [3][-]{subsubsection.2.3.2.2}{\376\377\000h\000a\000s\000C\000l\000e\000a\000r\000a\000n\000c\000e}{subsection.2.3.2}
\BOOKMARK [3][-]{subsubsection.2.3.2.3}{\376\377\000s\000e\000t\000E\000x\000t\000e\000n\000t}{subsection.2.3.2}
\BOOKMARK [3][-]{subsubsection.2.3.2.4}{\376\377\000s\000e\000t\000N\000e\000i\000g\000h\000b\000o\000r\000h\000o\000o\000d\000C\000e\000n\000t\000r\000o\000i\000d\000I\000n\000d\000e\000x}{subsection.2.3.2}
\BOOKMARK [1][-]{section.2.4}{\376\377\000M\000e\000s\000s\000a\000g\000e\000s\000\040\000C\000l\000a\000s\000s\000\040\000R\000e\000f\000e\000r\000e\000n\000c\000e}{chapter.2}
\BOOKMARK [2][-]{subsection.2.4.1}{\376\377\000D\000e\000t\000a\000i\000l\000e\000d\000\040\000D\000e\000s\000c\000r\000i\000p\000t\000i\000o\000n}{section.2.4}
\BOOKMARK [2][-]{subsection.2.4.2}{\376\377\000M\000e\000m\000b\000e\000r\000\040\000F\000u\000n\000c\000t\000i\000o\000n\000\040\000D\000o\000c\000u\000m\000e\000n\000t\000a\000t\000i\000o\000n}{section.2.4}
\BOOKMARK [3][-]{subsubsection.2.4.2.1}{\376\377\000c\000r\000e\000a\000t\000e\000C\000y\000l\000i\000n\000d\000e\000r}{subsection.2.4.2}
\BOOKMARK [3][-]{subsubsection.2.4.2.2}{\376\377\000c\000r\000e\000a\000t\000e\000C\000y\000l\000i\000n\000d\000e\000r\000A\000r\000r\000a\000y}{subsection.2.4.2}
\BOOKMARK [3][-]{subsubsection.2.4.2.3}{\376\377\000c\000r\000e\000a\000t\000e\000H\000a\000n\000d\000l\000e\000L\000i\000s\000t}{subsection.2.4.2}
\BOOKMARK [1][-]{section.2.5}{\376\377\000V\000i\000s\000u\000a\000l\000i\000z\000e\000r\000\040\000C\000l\000a\000s\000s\000\040\000R\000e\000f\000e\000r\000e\000n\000c\000e}{chapter.2}
\BOOKMARK [2][-]{subsection.2.5.1}{\376\377\000D\000e\000t\000a\000i\000l\000e\000d\000\040\000D\000e\000s\000c\000r\000i\000p\000t\000i\000o\000n}{section.2.5}
\BOOKMARK [2][-]{subsection.2.5.2}{\376\377\000C\000o\000n\000s\000t\000r\000u\000c\000t\000o\000r\000\040\000\046\000\040\000D\000e\000s\000t\000r\000u\000c\000t\000o\000r\000\040\000D\000o\000c\000u\000m\000e\000n\000t\000a\000t\000i\000o\000n}{section.2.5}
\BOOKMARK [3][-]{subsubsection.2.5.2.1}{\376\377\000V\000i\000s\000u\000a\000l\000i\000z\000e\000r}{subsection.2.5.2}
\BOOKMARK [2][-]{subsection.2.5.3}{\376\377\000M\000e\000m\000b\000e\000r\000\040\000F\000u\000n\000c\000t\000i\000o\000n\000\040\000D\000o\000c\000u\000m\000e\000n\000t\000a\000t\000i\000o\000n}{section.2.5}
\BOOKMARK [3][-]{subsubsection.2.5.3.1}{\376\377\000c\000r\000e\000a\000t\000e\000C\000y\000l\000i\000n\000d\000e\000r\000s}{subsection.2.5.3}
\BOOKMARK [3][-]{subsubsection.2.5.3.2}{\376\377\000c\000r\000e\000a\000t\000e\000H\000a\000n\000d\000l\000e\000s}{subsection.2.5.3}
